MedicalApp/app/build/intermediates/manifest_merge_blame_file/debug/manifest-merger-blame-debug-report.txt
1<?xml version="1.0" encoding="utf-8"?>
2<manifest xmlns:android="http://schemas.android.com/apk/res/android"
3    package="com.example.medicalapp"
4    android:versionCode="1"
5    android:versionName="1.0" >
6
7    <uses-sdk
8        android:minSdkVersion="21"
8-->src/main/AndroidManifest.xml
9        android:targetSdkVersion="28" />
9-->src/main/AndroidManifest.xml
10
11    <uses-permission android:name="android.permission.ACCESS_NETWORK_STATE" />
11-->[com.google.firebase:firebase-database:16.0.4] AndroidManifest.xml:22:5-79
11-->[com.google.firebase:firebase-database:16.0.4] AndroidManifest.xml:22:22-76
12    <uses-permission android:name="android.permission.INTERNET" />
12-->[com.google.firebase:firebase-database:16.0.4] AndroidManifest.xml:23:5-67
12-->[com.google.firebase:firebase-database:16.0.4] AndroidManifest.xml:23:22-64
13    <uses-permission android:name="android.permission.WAKE_LOCK" /> <!-- Required by older versions of Google Play services to create IID tokens -->
13-->[com.google.firebase:firebase-iid:17.0.4] AndroidManifest.xml:24:5-68
13-->[com.google.firebase:firebase-iid:17.0.4] AndroidManifest.xml:24:22-65
14    <uses-permission android:name="com.google.android.c2dm.permission.RECEIVE" />
14-->[com.google.firebase:firebase-iid:17.0.4] AndroidManifest.xml:26:5-82
14-->[com.google.firebase:firebase-iid:17.0.4] AndroidManifest.xml:26:22-79
15
16    <application
16-->src/main/AndroidManifest.xml:5:5-75:19
17        android:allowBackup="true"
17-->src/main/AndroidManifest.xml:6:9-35
18        android:appComponentFactory="androidx.core.app.CoreComponentFactory"
18-->[androidx.core:core:1.0.1] AndroidManifest.xml:22:18-86
19        android:debuggable="true"
20        android:icon="@drawable/optnlogo"
20-->src/main/AndroidManifest.xml:7:9-42
21        android:label="@string/app_name"
21-->src/main/AndroidManifest.xml:8:9-41
22        android:roundIcon="@drawable/optnlogo"
22-->src/main/AndroidManifest.xml:9:9-47
23        android:supportsRtl="true"
23-->src/main/AndroidManifest.xml:10:9-35
24        android:testOnly="true"
25        android:theme="@style/AppTheme" >
25-->src/main/AndroidManifest.xml:11:9-40
26        <activity android:name="com.example.medicalapp.MedActivity" />
26-->src/main/AndroidManifest.xml:12:9-58
26-->src/main/AndroidManifest.xml:12:19-46
27        <activity android:name="com.example.medicalapp.WorkActivity" />
27-->src/main/AndroidManifest.xml:13:9-50
27-->src/main/AndroidManifest.xml:13:19-47
28        <activity android:name="com.example.medicalapp.introduction.IntroActivity" />
28-->src/main/AndroidManifest.xml:14:9-64
28-->src/main/AndroidManifest.xml:14:19-61
29        <activity
29-->src/main/AndroidManifest.xml:15:9-24:20
30            android:name="com.example.medicalapp.utils.MainActivity"
30-->src/main/AndroidManifest.xml:15:19-53
31            android:screenOrientation="portrait"
31-->src/main/AndroidManifest.xml:16:13-49
32            android:theme="@style/AppTheme.NoActionBar" >
32-->src/main/AndroidManifest.xml:17:13-56
33            <intent-filter>
33-->src/main/AndroidManifest.xml:19:13-23:29
34                <action android:name="android.intent.action.MAIN" />
34-->src/main/AndroidManifest.xml:20:17-69
34-->src/main/AndroidManifest.xml:20:25-66
35
36                <category android:name="android.intent.category.LAUNCHER" />
36-->src/main/AndroidManifest.xml:22:17-77
36-->src/main/AndroidManifest.xml:22:27-74
37            </intent-filter>
38        </activity>
39        <activity
39-->src/main/AndroidManifest.xml:25:9-34:20
40            android:name="com.example.medicalapp.authenticate.LoginUsername"
40-->src/main/AndroidManifest.xml:26:13-55
41            android:screenOrientation="portrait"
41-->src/main/AndroidManifest.xml:27:13-49
42            android:theme="@style/AppTheme.NoActionBar" >
42-->src/main/AndroidManifest.xml:28:13-56
43            <intent-filter>
43-->src/main/AndroidManifest.xml:29:13-33:29
44                <action android:name="android.intent.action.LOGINUSERNAME" />
44-->src/main/AndroidManifest.xml:30:17-78
44-->src/main/AndroidManifest.xml:30:25-75
45
46                <category android:name="android.intent.category.DEFAULT" />
46-->src/main/AndroidManifest.xml:32:17-76
46-->src/main/AndroidManifest.xml:32:27-73
47            </intent-filter>
48        </activity>
49        <activity
49-->src/main/AndroidManifest.xml:35:9-44:20
50            android:name="com.example.medicalapp.authenticate.LoginPassword"
50-->src/main/AndroidManifest.xml:36:13-55
51            android:screenOrientation="portrait"
51-->src/main/AndroidManifest.xml:37:13-49
52            android:theme="@style/AppTheme.NoActionBar" >
52-->src/main/AndroidManifest.xml:38:13-56
53            <intent-filter>
53-->src/main/AndroidManifest.xml:39:13-43:29
54                <action android:name="android.intent.action.LOGINPASSWORD" />
54-->src/main/AndroidManifest.xml:40:17-78
54-->src/main/AndroidManifest.xml:40:25-75
55
56                <category android:name="android.intent.category.DEFAULT" />
56-->src/main/AndroidManifest.xml:32:17-76
56-->src/main/AndroidManifest.xml:32:27-73
57            </intent-filter>
58        </activity>
59        <activity
59-->src/main/AndroidManifest.xml:45:9-54:20
60            android:name="com.example.medicalapp.authenticate.SignupUsername"
60-->src/main/AndroidManifest.xml:46:13-56
61            android:screenOrientation="portrait"
61-->src/main/AndroidManifest.xml:47:13-49
62            android:theme="@style/AppTheme.NoActionBar" >
62-->src/main/AndroidManifest.xml:48:13-56
63            <intent-filter>
63-->src/main/AndroidManifest.xml:49:13-53:29
64                <action android:name="android.intent.action.SIGNUPUSERNAME" />
64-->src/main/AndroidManifest.xml:50:17-79
64-->src/main/AndroidManifest.xml:50:25-76
65
66                <category android:name="android.intent.category.DEFAULT" />
66-->src/main/AndroidManifest.xml:32:17-76
66-->src/main/AndroidManifest.xml:32:27-73
67            </intent-filter>
68        </activity>
69        <activity
69-->src/main/AndroidManifest.xml:55:9-64:20
70            android:name="com.example.medicalapp.authenticate.SignupPassword"
70-->src/main/AndroidManifest.xml:56:13-56
71            android:screenOrientation="portrait"
71-->src/main/AndroidManifest.xml:57:13-49
72            android:theme="@style/AppTheme.NoActionBar" >
72-->src/main/AndroidManifest.xml:58:13-56
73            <intent-filter>
73-->src/main/AndroidManifest.xml:59:13-63:29
74                <action android:name="android.intent.action.SIGNUPPASSWORD" />
74-->src/main/AndroidManifest.xml:60:17-79
74-->src/main/AndroidManifest.xml:60:25-76
75
76                <category android:name="android.intent.category.DEFAULT" />
76-->src/main/AndroidManifest.xml:32:17-76
76-->src/main/AndroidManifest.xml:32:27-73
77            </intent-filter>
78        </activity>
79        <activity
79-->src/main/AndroidManifest.xml:65:9-74:20
80            android:name="com.example.medicalapp.authenticate.SignupDetail"
80-->src/main/AndroidManifest.xml:66:13-54
81            android:screenOrientation="portrait"
81-->src/main/AndroidManifest.xml:67:13-49
82            android:theme="@style/AppTheme.NoActionBar" >
82-->src/main/AndroidManifest.xml:68:13-56
83            <intent-filter>
83-->src/main/AndroidManifest.xml:69:13-73:29
84                <action android:name="android.intent.action.SIGNUPDETAIL" />
84-->src/main/AndroidManifest.xml:70:17-77
84-->src/main/AndroidManifest.xml:70:25-74
85
86                <category android:name="android.intent.category.DEFAULT" />
86-->src/main/AndroidManifest.xml:32:17-76
86-->src/main/AndroidManifest.xml:32:27-73
87            </intent-filter>
88        </activity>
89        <activity
89-->[com.google.firebase:firebase-auth:16.0.5] AndroidManifest.xml:24:9-31:50
90            android:name="com.google.firebase.auth.internal.FederatedSignInActivity"
90-->[com.google.firebase:firebase-auth:16.0.5] AndroidManifest.xml:25:13-85
91            android:excludeFromRecents="true"
91-->[com.google.firebase:firebase-auth:16.0.5] AndroidManifest.xml:26:13-46
92            android:exported="true"
92-->[com.google.firebase:firebase-auth:16.0.5] AndroidManifest.xml:27:13-36
93            android:launchMode="singleTask"
93-->[com.google.firebase:firebase-auth:16.0.5] AndroidManifest.xml:28:13-44
94            android:permission="com.google.firebase.auth.api.gms.permission.LAUNCH_FEDERATED_SIGN_IN"
94-->[com.google.firebase:firebase-auth:16.0.5] AndroidManifest.xml:29:13-102
95            android:theme="@android:style/Theme.Translucent.NoTitleBar" />
95-->[com.google.firebase:firebase-auth:16.0.5] AndroidManifest.xml:30:13-72
96
97        <service
97-->[com.google.firebase:firebase-auth:16.0.5] AndroidManifest.xml:33:9-39:19
98            android:name="com.google.firebase.components.ComponentDiscoveryService"
98-->[com.google.firebase:firebase-auth:16.0.5] AndroidManifest.xml:34:13-84
99            android:exported="false" >
99-->[com.google.firebase:firebase-auth:16.0.5] AndroidManifest.xml:35:13-37
100            <meta-data
100-->[com.google.firebase:firebase-auth:16.0.5] AndroidManifest.xml:36:13-38:85
101                android:name="com.google.firebase.components:com.google.firebase.auth.FirebaseAuthRegistrar"
101-->[com.google.firebase:firebase-auth:16.0.5] AndroidManifest.xml:37:17-109
102                android:value="com.google.firebase.components.ComponentRegistrar" />
102-->[com.google.firebase:firebase-auth:16.0.5] AndroidManifest.xml:38:17-82
103            <meta-data
103-->[com.google.firebase:firebase-iid:17.0.4] AndroidManifest.xml:32:13-34:85
104                android:name="com.google.firebase.components:com.google.firebase.iid.Registrar"
104-->[com.google.firebase:firebase-iid:17.0.4] AndroidManifest.xml:33:17-96
105                android:value="com.google.firebase.components.ComponentRegistrar" />
105-->[com.google.firebase:firebase-iid:17.0.4] AndroidManifest.xml:34:17-82
106        </service>
107        <!--
108             FirebaseMessagingService performs security checks at runtime,
109             no need for explicit permissions despite exported="true"
110        -->
111        <service
111-->[com.google.firebase:firebase-messaging:17.3.4] AndroidManifest.xml:28:9-34:19
112            android:name="com.google.firebase.messaging.FirebaseMessagingService"
112-->[com.google.firebase:firebase-messaging:17.3.4] AndroidManifest.xml:29:13-82
113            android:exported="true" >
113-->[com.google.firebase:firebase-messaging:17.3.4] AndroidManifest.xml:30:13-36
114            <intent-filter android:priority="-500" >
114-->[com.google.firebase:firebase-messaging:17.3.4] AndroidManifest.xml:31:13-33:29
114-->[com.google.firebase:firebase-messaging:17.3.4] AndroidManifest.xml:31:28-51
115                <action android:name="com.google.firebase.MESSAGING_EVENT" />
115-->[com.google.firebase:firebase-messaging:17.3.4] AndroidManifest.xml:32:17-78
115-->[com.google.firebase:firebase-messaging:17.3.4] AndroidManifest.xml:32:25-75
116            </intent-filter>
117        </service>
118
119        <receiver
119-->[com.google.firebase:firebase-iid:17.0.4] AndroidManifest.xml:37:9-44:20
120            android:name="com.google.firebase.iid.FirebaseInstanceIdReceiver"
120-->[com.google.firebase:firebase-iid:17.0.4] AndroidManifest.xml:38:13-78
121            android:exported="true"
121-->[com.google.firebase:firebase-iid:17.0.4] AndroidManifest.xml:39:13-36
122            android:permission="com.google.android.c2dm.permission.SEND" >
122-->[com.google.firebase:firebase-iid:17.0.4] AndroidManifest.xml:40:13-73
123            <intent-filter>
123-->[com.google.firebase:firebase-iid:17.0.4] AndroidManifest.xml:41:13-43:29
124                <action android:name="com.google.android.c2dm.intent.RECEIVE" />
124-->[com.google.firebase:firebase-iid:17.0.4] AndroidManifest.xml:42:17-81
124-->[com.google.firebase:firebase-iid:17.0.4] AndroidManifest.xml:42:25-78
125            </intent-filter>
126        </receiver>
127        <!--
128             FirebaseInstanceIdService performs security checks at runtime,
129             no need for explicit permissions despite exported="true"
130        -->
131        <service
131-->[com.google.firebase:firebase-iid:17.0.4] AndroidManifest.xml:50:9-56:19
132            android:name="com.google.firebase.iid.FirebaseInstanceIdService"
132-->[com.google.firebase:firebase-iid:17.0.4] AndroidManifest.xml:51:13-77
133            android:exported="true" >
133-->[com.google.firebase:firebase-iid:17.0.4] AndroidManifest.xml:52:13-36
134            <intent-filter android:priority="-500" >
134-->[com.google.firebase:firebase-iid:17.0.4] AndroidManifest.xml:53:13-55:29
134-->[com.google.firebase:firebase-iid:17.0.4] AndroidManifest.xml:53:28-51
135                <action android:name="com.google.firebase.INSTANCE_ID_EVENT" />
135-->[com.google.firebase:firebase-iid:17.0.4] AndroidManifest.xml:54:17-80
135-->[com.google.firebase:firebase-iid:17.0.4] AndroidManifest.xml:54:25-77
136            </intent-filter>
137        </service>
138
139        <activity
139-->[com.google.android.gms:play-services-base:16.0.1] AndroidManifest.xml:23:9-26:75
140            android:name="com.google.android.gms.common.api.GoogleApiActivity"
140-->[com.google.android.gms:play-services-base:16.0.1] AndroidManifest.xml:24:13-79
141            android:exported="false"
141-->[com.google.android.gms:play-services-base:16.0.1] AndroidManifest.xml:25:13-37
142            android:theme="@android:style/Theme.Translucent.NoTitleBar" />
142-->[com.google.android.gms:play-services-base:16.0.1] AndroidManifest.xml:26:13-72
143
144        <provider
144-->[com.google.firebase:firebase-common:16.0.3] AndroidManifest.xml:10:9-14:39
145            android:name="com.google.firebase.provider.FirebaseInitProvider"
145-->[com.google.firebase:firebase-common:16.0.3] AndroidManifest.xml:11:13-77
146            android:authorities="com.example.medicalapp.firebaseinitprovider"
146-->[com.google.firebase:firebase-common:16.0.3] AndroidManifest.xml:12:13-72
147            android:exported="false"
147-->[com.google.firebase:firebase-common:16.0.3] AndroidManifest.xml:13:13-37
148            android:initOrder="100" />
148-->[com.google.firebase:firebase-common:16.0.3] AndroidManifest.xml:14:13-36
149
150        <meta-data
150-->[com.google.android.gms:play-services-basement:16.1.0] AndroidManifest.xml:23:9-25:69
151            android:name="com.google.android.gms.version"
151-->[com.google.android.gms:play-services-basement:16.1.0] AndroidManifest.xml:24:13-58
152            android:value="@integer/google_play_services_version" />
152-->[com.google.android.gms:play-services-basement:16.1.0] AndroidManifest.xml:25:13-66
153    </application>
154
155</manifest>